<?xml version="1.0" encoding="UTF-8"?>
<testng-results skipped="0" failed="0" ignored="0" total="1" passed="1">
  <reporter-output>
  </reporter-output>
  <suite name="Default suite" duration-ms="2232" started-at="2020-09-02T11:43:25 IST" finished-at="2020-09-02T11:43:27 IST">
    <groups>
    </groups>
    <test name="Default test" duration-ms="2232" started-at="2020-09-02T11:43:25 IST" finished-at="2020-09-02T11:43:27 IST">
      <class name="com.ckSeleniumDemo.SeleniumDemo.MySqlDbDemo">
        <test-method status="PASS" signature="beforeTest()[pri:0, instance:com.ckSeleniumDemo.SeleniumDemo.MySqlDbDemo@3fd7a715]" name="beforeTest" is-config="true" duration-ms="2080" started-at="2020-09-02T11:43:25 IST" finished-at="2020-09-02T11:43:27 IST">
          <reporter-output>
          </reporter-output>
        </test-method> <!-- beforeTest -->
        <test-method status="PASS" signature="dbQuery()[pri:0, instance:com.ckSeleniumDemo.SeleniumDemo.MySqlDbDemo@3fd7a715]" name="dbQuery" duration-ms="98" started-at="2020-09-02T11:43:27 IST" finished-at="2020-09-02T11:43:27 IST">
          <reporter-output>
          </reporter-output>
        </test-method> <!-- dbQuery -->
        <test-method status="PASS" signature="afterTest()[pri:0, instance:com.ckSeleniumDemo.SeleniumDemo.MySqlDbDemo@3fd7a715]" name="afterTest" is-config="true" duration-ms="2" started-at="2020-09-02T11:43:27 IST" finished-at="2020-09-02T11:43:27 IST">
          <reporter-output>
          </reporter-output>
        </test-method> <!-- afterTest -->
      </class> <!-- com.ckSeleniumDemo.SeleniumDemo.MySqlDbDemo -->
    </test> <!-- Default test -->
  </suite> <!-- Default suite -->
</testng-results>
