<?xml version="1.0" encoding="UTF-8"?>
<testng-results skipped="0" failed="0" ignored="0" total="1" passed="1">
  <reporter-output>
  </reporter-output>
  <suite name="Regression Test Suite" duration-ms="85" started-at="2020-09-01T21:48:14 IST" finished-at="2020-09-01T21:48:14 IST">
    <groups>
    </groups>
    <test name="Demo Application" duration-ms="85" started-at="2020-09-01T21:48:14 IST" finished-at="2020-09-01T21:48:14 IST">
      <class name="com.ckSeleniumDemo.SeleniumDemo.DemoTest">
        <test-method status="PASS" signature="beforeTest()[pri:0, instance:com.ckSeleniumDemo.SeleniumDemo.DemoTest@614ddd49]" name="beforeTest" is-config="true" duration-ms="16" started-at="2020-09-01T21:48:14 IST" finished-at="2020-09-01T21:48:14 IST">
          <reporter-output>
          </reporter-output>
        </test-method> <!-- beforeTest -->
        <test-method status="PASS" signature="testCase01()[pri:0, instance:com.ckSeleniumDemo.SeleniumDemo.DemoTest@614ddd49]" name="testCase01" duration-ms="0" started-at="2020-09-01T21:48:14 IST" finished-at="2020-09-01T21:48:14 IST">
          <reporter-output>
          </reporter-output>
        </test-method> <!-- testCase01 -->
        <test-method status="PASS" signature="afterTest()[pri:0, instance:com.ckSeleniumDemo.SeleniumDemo.DemoTest@614ddd49]" name="afterTest" is-config="true" duration-ms="0" started-at="2020-09-01T21:48:14 IST" finished-at="2020-09-01T21:48:14 IST">
          <reporter-output>
          </reporter-output>
        </test-method> <!-- afterTest -->
      </class> <!-- com.ckSeleniumDemo.SeleniumDemo.DemoTest -->
    </test> <!-- Demo Application -->
  </suite> <!-- Regression Test Suite -->
</testng-results>
